<?xml version="1.0" encoding="UTF-8"?>
<!-- Generated by org.testng.reporters.JUnitReportReporter -->
<testsuite skipped="0" hostname="SALLT1037" name="com.qmetry.testng_demo.CalculatorTest" tests="6" failures="0" timestamp="2020-11-16T17:01:57 GMT" time="0.019" errors="0">
  <testcase name="testEqual" time="0.002" classname="com.qmetry.testng_demo.CalculatorTest"/>
  <system-out/>
  <testcase name="testDivison" time="0.005" classname="com.qmetry.testng_demo.CalculatorTest"/>
  <system-out/>
  <testcase name="testMultiplication" time="0.002" classname="com.qmetry.testng_demo.CalculatorTest"/>
  <system-out/>
  <testcase name="testSum" time="0.001" classname="com.qmetry.testng_demo.CalculatorTest"/>
  <system-out/>
  <testcase name="testSubstraction" time="0.001" classname="com.qmetry.testng_demo.CalculatorTest"/>
  <system-out/>
  <testcase name="testDivisionException" time="0.008" classname="com.qmetry.testng_demo.CalculatorTest"/>
  <system-out/>
</testsuite> <!-- com.qmetry.testng_demo.CalculatorTest -->
